Using pre-set license
Built from '2021.3/staging' branch; Version is '2021.3.2f1 (d6360bedb9a0) revision 14038539'; Using compiler version '192829333'; Build Type 'Release'
OS: 'Windows 10  (10.0.19044) 64bit Professional' Language: 'en' Physical Memory: 16305 MB
BatchMode: 1, IsHumanControllingUs: 0, StartBugReporterOnCrash: 0, Is64bit: 1, IsPro: 1

COMMAND LINE ARGUMENTS:
C:\Program Files\Unity\Hub\Editor\2021.3.2f1\Editor\Unity.exe
-adb2
-batchMode
-noUpm
-name
AssetImportWorker3
-projectPath
C:/Users/yanku/OneDrive/Masaüstü/Coding/UnityProjects/UnityCollaborate/unitycollaborate/UnityCollaborate
-logFile
Logs/AssetImportWorker3.log
-srvPort
65133
Successfully changed project path to: C:/Users/yanku/OneDrive/Masaüstü/Coding/UnityProjects/UnityCollaborate/unitycollaborate/UnityCollaborate
C:/Users/yanku/OneDrive/Masaüstü/Coding/UnityProjects/UnityCollaborate/unitycollaborate/UnityCollaborate
[UnityMemory] Configuration Parameters - Can be set up in boot.config
    "memorysetup-bucket-allocator-granularity=16"
    "memorysetup-bucket-allocator-bucket-count=8"
    "memorysetup-bucket-allocator-block-size=33554432"
    "memorysetup-bucket-allocator-block-count=8"
    "memorysetup-main-allocator-block-size=16777216"
    "memorysetup-thread-allocator-block-size=16777216"
    "memorysetup-gfx-main-allocator-block-size=16777216"
    "memorysetup-gfx-thread-allocator-block-size=16777216"
    "memorysetup-cache-allocator-block-size=4194304"
    "memorysetup-typetree-allocator-block-size=2097152"
    "memorysetup-profiler-bucket-allocator-granularity=16"
    "memorysetup-profiler-bucket-allocator-bucket-count=8"
    "memorysetup-profiler-bucket-allocator-block-size=33554432"
    "memorysetup-profiler-bucket-allocator-block-count=8"
    "memorysetup-profiler-allocator-block-size=16777216"
    "memorysetup-profiler-editor-allocator-block-size=1048576"
    "memorysetup-temp-allocator-size-main=16777216"
    "memorysetup-job-temp-allocator-block-size=2097152"
    "memorysetup-job-temp-allocator-block-size-background=1048576"
    "memorysetup-job-temp-allocator-reduction-small-platforms=262144"
    "memorysetup-temp-allocator-size-background-worker=32768"
    "memorysetup-temp-allocator-size-job-worker=262144"
    "memorysetup-temp-allocator-size-preload-manager=33554432"
    "memorysetup-temp-allocator-size-nav-mesh-worker=65536"
    "memorysetup-temp-allocator-size-audio-worker=65536"
    "memorysetup-temp-allocator-size-cloud-worker=32768"
    "memorysetup-temp-allocator-size-gi-baking-worker=262144"
    "memorysetup-temp-allocator-size-gfx=262144"
Refreshing native plugins compatible for Editor in 157.05 ms, found 4 plugins.
Preloading 0 native plugins for Editor in 0.00 ms.
Initialize engine version: 2021.3.2f1 (d6360bedb9a0)
[Subsystems] Discovering subsystems at path C:/Program Files/Unity/Hub/Editor/2021.3.2f1/Editor/Data/Resources/UnitySubsystems
[Subsystems] Discovering subsystems at path C:/Users/yanku/OneDrive/Masaüstü/Coding/UnityProjects/UnityCollaborate/unitycollaborate/UnityCollaborate/Assets
GfxDevice: creating device client; threaded=0; jobified=0
Direct3D:
    Version:  Direct3D 11.0 [level 11.1]
    Renderer: NVIDIA GeForce RTX 3060 (ID=0x2504)
    Vendor:   NVIDIA
    VRAM:     12142 MB
    Driver:   31.0.15.1748
Initialize mono
Mono path[0] = 'C:/Program Files/Unity/Hub/Editor/2021.3.2f1/Editor/Data/Managed'
Mono path[1] = 'C:/Program Files/Unity/Hub/Editor/2021.3.2f1/Editor/Data/MonoBleedingEdge/lib/mono/unityjit-win32'
Mono config path = 'C:/Program Files/Unity/Hub/Editor/2021.3.2f1/Editor/Data/MonoBleedingEdge/etc'
Using monoOptions --debugger-agent=transport=dt_socket,embedding=1,server=y,suspend=n,address=127.0.0.1:56260
Begin MonoManager ReloadAssembly
Registering precompiled unity dll's ...
Register platform support module: C:/Program Files/Unity/Hub/Editor/2021.3.2f1/Editor/Data/PlaybackEngines/WindowsStandaloneSupport/UnityEditor.WindowsStandalone.Extensions.dll
Registered in 0.009048 seconds.
Native extension for WindowsStandalone target not found
Refreshing native plugins compatible for Editor in 136.01 ms, found 4 plugins.
Preloading 0 native plugins for Editor in 0.00 ms.
Mono: successfully reloaded assembly
- Completed reload, in  0.825 seconds
Domain Reload Profiling:
	ReloadAssembly (825ms)
		BeginReloadAssembly (101ms)
			ExecutionOrderSort (0ms)
			DisableScriptedObjects (0ms)
			BackupInstance (0ms)
			ReleaseScriptingObjects (0ms)
			CreateAndSetChildDomain (1ms)
		EndReloadAssembly (566ms)
			LoadAssemblies (98ms)
			RebuildTransferFunctionScriptingTraits (0ms)
			SetupTypeCache (149ms)
			ReleaseScriptCaches (0ms)
			RebuildScriptCaches (33ms)
			SetupLoadedEditorAssemblies (321ms)
				LogAssemblyErrors (0ms)
				InitializePlatformSupportModulesInManaged (9ms)
				SetLoadedEditorAssemblies (0ms)
				RefreshPlugins (136ms)
				BeforeProcessingInitializeOnLoad (1ms)
				ProcessInitializeOnLoadAttributes (124ms)
				ProcessInitializeOnLoadMethodAttributes (50ms)
				AfterProcessingInitializeOnLoad (0ms)
				EditorAssembliesLoaded (0ms)
			ExecutionOrderSort2 (0ms)
			AwakeInstancesAfterBackupRestoration (0ms)
Platform modules already initialized, skipping
Registering precompiled user dll's ...
Registered in 0.008400 seconds.
Begin MonoManager ReloadAssembly
Symbol file LoadedFromMemory doesn't match image C:\Users\yanku\OneDrive\Masaüstü\Coding\UnityProjects\UnityCollaborate\unitycollaborate\UnityCollaborate\Library\PackageCache\com.unity.visualscripting@1.7.6\Editor\VisualScripting.Core\Dependencies\YamlDotNet\Unity.VisualScripting.YamlDotNet.dll
Symbol file LoadedFromMemory doesn't match image C:\Users\yanku\OneDrive\Masaüstü\Coding\UnityProjects\UnityCollaborate\unitycollaborate\UnityCollaborate\Library\PackageCache\com.unity.visualscripting@1.7.6\Editor\VisualScripting.Core\Dependencies\DotNetZip\Unity.VisualScripting.IonicZip.dll
Native extension for WindowsStandalone target not found
Refreshing native plugins compatible for Editor in 132.18 ms, found 4 plugins.
Preloading 0 native plugins for Editor in 0.00 ms.
Mono: successfully reloaded assembly
- Completed reload, in  1.542 seconds
Domain Reload Profiling:
	ReloadAssembly (1543ms)
		BeginReloadAssembly (115ms)
			ExecutionOrderSort (0ms)
			DisableScriptedObjects (6ms)
			BackupInstance (0ms)
			ReleaseScriptingObjects (0ms)
			CreateAndSetChildDomain (21ms)
		EndReloadAssembly (1269ms)
			LoadAssemblies (99ms)
			RebuildTransferFunctionScriptingTraits (0ms)
			SetupTypeCache (322ms)
			ReleaseScriptCaches (1ms)
			RebuildScriptCaches (84ms)
			SetupLoadedEditorAssemblies (702ms)
				LogAssemblyErrors (0ms)
				InitializePlatformSupportModulesInManaged (5ms)
				SetLoadedEditorAssemblies (0ms)
				RefreshPlugins (132ms)
				BeforeProcessingInitializeOnLoad (149ms)
				ProcessInitializeOnLoadAttributes (300ms)
				ProcessInitializeOnLoadMethodAttributes (108ms)
				AfterProcessingInitializeOnLoad (7ms)
				EditorAssembliesLoaded (0ms)
			ExecutionOrderSort2 (0ms)
			AwakeInstancesAfterBackupRestoration (7ms)
Platform modules already initialized, skipping
========================================================================
Worker process is ready to serve import requests
Launched and connected shader compiler UnityShaderCompiler.exe after 0.05 seconds
Refreshing native plugins compatible for Editor in 1.02 ms, found 4 plugins.
Preloading 0 native plugins for Editor in 0.00 ms.
Unloading 5667 Unused Serialized files (Serialized files now loaded: 0)
Unloading 61 unused Assets / (0.9 MB). Loaded Objects now: 6110.
Memory consumption went from 221.3 MB to 220.4 MB.
Total: 6.632700 ms (FindLiveObjects: 0.613600 ms CreateObjectMapping: 0.842800 ms MarkObjects: 4.418300 ms  DeleteObjects: 0.756600 ms)

AssetImportParameters requested are different than current active one (requested -> active):
  custom:video-decoder-ogg-theora: a1e56fd34408186e4bbccfd4996cb3dc -> 
  custom:container-muxer-webm: aa71ff27fc2769a1b78a27578f13a17b -> 
  custom:container-demuxer-webm: 4f35f7cbe854078d1ac9338744f61a02 -> 
  custom:video-encoder-webm-vp8: eb34c28f22e8b96e1ab97ce403110664 -> 
  custom:audio-encoder-webm-vorbis: bf7c407c2cedff20999df2af8eb42d56 -> 
  custom:framework-win-MediaFoundation: 216162199b28c13a410421893ffa2e32 -> 
  custom:container-demuxer-ogg: 62fdf1f143b41e24485cea50d1cbac27 -> 
  custom:video-decoder-webm-vp8: 9c59270c3fd7afecdb556c50c9e8de78 -> 
  custom:audio-decoder-ogg-vorbis: bf7c407c2cedff20999df2af8eb42d56 -> 
========================================================================
Received Import Request.
  Time since last request: 510068.091500 seconds.
  path: Assets/Tilemap/colored_tilemap_150.asset
  artifactKey: Guid(7b0c15869e80ddd408bc905cf92afc1f) Importer(815301076,1909f56bfc062723c751e8b465ee728b)
Start importing Assets/Tilemap/colored_tilemap_150.asset using Guid(7b0c15869e80ddd408bc905cf92afc1f) Importer(815301076,1909f56bfc062723c751e8b465ee728b)  -> (artifact id: 'f31e0b0fdca9f229348605f9cf2c52b3') in 0.081356 seconds 
========================================================================
Received Import Request.
  Time since last request: 0.000022 seconds.
  path: Assets/Tilemap/new_tleset123_7.asset
  artifactKey: Guid(6ab3155379f1cd548937247c7397548e) Importer(815301076,1909f56bfc062723c751e8b465ee728b)
Start importing Assets/Tilemap/new_tleset123_7.asset using Guid(6ab3155379f1cd548937247c7397548e) Importer(815301076,1909f56bfc062723c751e8b465ee728b)  -> (artifact id: 'b4479b9c4772ed1e63761be8dcb8bae5') in 0.017063 seconds 
========================================================================
Received Import Request.
  Time since last request: 0.000031 seconds.
  path: Assets/Tilemap/colored_tilemap_61.asset
  artifactKey: Guid(20331447ee2b06c488628603eaec88bb) Importer(815301076,1909f56bfc062723c751e8b465ee728b)
Start importing Assets/Tilemap/colored_tilemap_61.asset using Guid(20331447ee2b06c488628603eaec88bb) Importer(815301076,1909f56bfc062723c751e8b465ee728b)  -> (artifact id: 'bdee657bd5249f73c926dfaeed9807e2') in 0.012634 seconds 
========================================================================
Received Import Request.
  Time since last request: 0.000019 seconds.
  path: Assets/Tilemap/colored_tilemap_65.asset
  artifactKey: Guid(0aa229c204552e14387b26e58adec5a2) Importer(815301076,1909f56bfc062723c751e8b465ee728b)
Start importing Assets/Tilemap/colored_tilemap_65.asset using Guid(0aa229c204552e14387b26e58adec5a2) Importer(815301076,1909f56bfc062723c751e8b465ee728b)  -> (artifact id: '55752a1fae7f3a88a3fe13e37391cb6b') in 0.015391 seconds 
========================================================================
Received Import Request.
  Time since last request: 0.000031 seconds.
  path: Assets/Tilemap/new_tleset123_2.asset
  artifactKey: Guid(3011b180825086246982268918d4464d) Importer(815301076,1909f56bfc062723c751e8b465ee728b)
Start importing Assets/Tilemap/new_tleset123_2.asset using Guid(3011b180825086246982268918d4464d) Importer(815301076,1909f56bfc062723c751e8b465ee728b)  -> (artifact id: '9d2d359deae7bc31267b45589223b1a2') in 0.014115 seconds 
========================================================================
Received Import Request.
  Time since last request: 0.000025 seconds.
  path: Assets/Tilemap/colored_tilemap_62.asset
  artifactKey: Guid(adb4c44a6957e3446ae9afc138acf80b) Importer(815301076,1909f56bfc062723c751e8b465ee728b)
Start importing Assets/Tilemap/colored_tilemap_62.asset using Guid(adb4c44a6957e3446ae9afc138acf80b) Importer(815301076,1909f56bfc062723c751e8b465ee728b)  -> (artifact id: 'fb69a4fd60c695ad822da48e37d5a88a') in 0.014252 seconds 
========================================================================
Received Import Request.
  Time since last request: 0.000033 seconds.
  path: Assets/Tilemap/new_tleset_puddle_5.asset
  artifactKey: Guid(13cb7aa252104b94baa7963e000e9789) Importer(815301076,1909f56bfc062723c751e8b465ee728b)
Start importing Assets/Tilemap/new_tleset_puddle_5.asset using Guid(13cb7aa252104b94baa7963e000e9789) Importer(815301076,1909f56bfc062723c751e8b465ee728b)  -> (artifact id: '1f9d5f0670d6faed2ffde7a367a5e1e3') in 0.016470 seconds 
========================================================================
Received Import Request.
  Time since last request: 0.000036 seconds.
  path: Assets/Tilemap/colored_tilemap_155.asset
  artifactKey: Guid(8a0bb020cbfdd3246aa16bdb73312c54) Importer(815301076,1909f56bfc062723c751e8b465ee728b)
Start importing Assets/Tilemap/colored_tilemap_155.asset using Guid(8a0bb020cbfdd3246aa16bdb73312c54) Importer(815301076,1909f56bfc062723c751e8b465ee728b)  -> (artifact id: '3bb56b1cd952420bc5f0a1c4602c1c94') in 0.015337 seconds 
========================================================================
Received Import Request.
  Time since last request: 0.000022 seconds.
  path: Assets/Tilemap/colored_tilemap_147.asset
  artifactKey: Guid(9fd1e49e314e34944aa6521edb61ebe4) Importer(815301076,1909f56bfc062723c751e8b465ee728b)
Start importing Assets/Tilemap/colored_tilemap_147.asset using Guid(9fd1e49e314e34944aa6521edb61ebe4) Importer(815301076,1909f56bfc062723c751e8b465ee728b)  -> (artifact id: '79266df93ae5cb5d4d0b92721074b6d7') in 0.014529 seconds 
========================================================================
Received Import Request.
  Time since last request: 0.000030 seconds.
  path: Assets/Tilemap/new_tleset123_9.asset
  artifactKey: Guid(ed63e93efbd88ab43b66c95a7f50b747) Importer(815301076,1909f56bfc062723c751e8b465ee728b)
Start importing Assets/Tilemap/new_tleset123_9.asset using Guid(ed63e93efbd88ab43b66c95a7f50b747) Importer(815301076,1909f56bfc062723c751e8b465ee728b)  -> (artifact id: 'fd84d4ab92a07feaa60aa530c088c885') in 0.018798 seconds 
========================================================================
Received Import Request.
  Time since last request: 0.000025 seconds.
  path: Assets/Tilemap/new_tleset_puddle_9.asset
  artifactKey: Guid(66382b371e04adf4e8e2b5483f0576b0) Importer(815301076,1909f56bfc062723c751e8b465ee728b)
Start importing Assets/Tilemap/new_tleset_puddle_9.asset using Guid(66382b371e04adf4e8e2b5483f0576b0) Importer(815301076,1909f56bfc062723c751e8b465ee728b)  -> (artifact id: 'a5febeeb75003e4146e26b8982a3ce94') in 0.016629 seconds 
========================================================================
Received Import Request.
  Time since last request: 0.000019 seconds.
  path: Assets/Tilemap/colored_tilemap_80.asset
  artifactKey: Guid(9a3f9baf7916e3c4794295abed6308f5) Importer(815301076,1909f56bfc062723c751e8b465ee728b)
Start importing Assets/Tilemap/colored_tilemap_80.asset using Guid(9a3f9baf7916e3c4794295abed6308f5) Importer(815301076,1909f56bfc062723c751e8b465ee728b)  -> (artifact id: 'a72b0b9fb54e46bbbe2f3c465ce4aa30') in 0.017129 seconds 
========================================================================
Received Import Request.
  Time since last request: 0.000042 seconds.
  path: Assets/Tilemap/colored_tilemap_132.asset
  artifactKey: Guid(232bcdbf4135fe541aaa3abbc324682d) Importer(815301076,1909f56bfc062723c751e8b465ee728b)
Start importing Assets/Tilemap/colored_tilemap_132.asset using Guid(232bcdbf4135fe541aaa3abbc324682d) Importer(815301076,1909f56bfc062723c751e8b465ee728b)  -> (artifact id: '5e02e8b10482f01f643e18f15281a1c1') in 0.016244 seconds 
========================================================================
Received Import Request.
  Time since last request: 0.000021 seconds.
  path: Assets/Tilemap/colored_tilemap_124.asset
  artifactKey: Guid(f8f07a8843a3c5a4f8e7ea76f63a4fc3) Importer(815301076,1909f56bfc062723c751e8b465ee728b)
Start importing Assets/Tilemap/colored_tilemap_124.asset using Guid(f8f07a8843a3c5a4f8e7ea76f63a4fc3) Importer(815301076,1909f56bfc062723c751e8b465ee728b)  -> (artifact id: '4a96462e9ff9cf074d39191184b7c014') in 0.016704 seconds 
========================================================================
Received Import Request.
  Time since last request: 0.000020 seconds.
  path: Assets/Tilemap/colored_tilemap_94.asset
  artifactKey: Guid(717c144ce7b30524189e813b49a93522) Importer(815301076,1909f56bfc062723c751e8b465ee728b)
Start importing Assets/Tilemap/colored_tilemap_94.asset using Guid(717c144ce7b30524189e813b49a93522) Importer(815301076,1909f56bfc062723c751e8b465ee728b)  -> (artifact id: '43671a9f8b9f0eab742a419ebb9bbf2f') in 0.014185 seconds 
========================================================================
Received Import Request.
  Time since last request: 0.000028 seconds.
  path: Assets/Tilemap/new_tleset123_3.asset
  artifactKey: Guid(3bafb3c918fbc014681de37d24a41957) Importer(815301076,1909f56bfc062723c751e8b465ee728b)
Start importing Assets/Tilemap/new_tleset123_3.asset using Guid(3bafb3c918fbc014681de37d24a41957) Importer(815301076,1909f56bfc062723c751e8b465ee728b)  -> (artifact id: '4aa386bc3346b9888b608146ff31896d') in 0.023258 seconds 
========================================================================
Received Import Request.
  Time since last request: 0.000037 seconds.
  path: Assets/Tilemap/colored_tilemap_111.asset
  artifactKey: Guid(9552dad88944f2c41b051684829b99b3) Importer(815301076,1909f56bfc062723c751e8b465ee728b)
Start importing Assets/Tilemap/colored_tilemap_111.asset using Guid(9552dad88944f2c41b051684829b99b3) Importer(815301076,1909f56bfc062723c751e8b465ee728b)  -> (artifact id: 'f75d45a0413565388f2aa037391cc9c8') in 0.015695 seconds 
========================================================================
Received Import Request.
  Time since last request: 0.000020 seconds.
  path: Assets/Tilemap/colored_tilemap_82.asset
  artifactKey: Guid(75dfc3a6a2b80de4fbd9e894b1633bbe) Importer(815301076,1909f56bfc062723c751e8b465ee728b)
Start importing Assets/Tilemap/colored_tilemap_82.asset using Guid(75dfc3a6a2b80de4fbd9e894b1633bbe) Importer(815301076,1909f56bfc062723c751e8b465ee728b)  -> (artifact id: 'a96f9b784a269d64e9150a97dcd0b22a') in 0.013638 seconds 
========================================================================
Received Import Request.
  Time since last request: 0.000022 seconds.
  path: Assets/Tilemap/colored_tilemap_67.asset
  artifactKey: Guid(90786fa3af108094eaf3c830f1358250) Importer(815301076,1909f56bfc062723c751e8b465ee728b)
Start importing Assets/Tilemap/colored_tilemap_67.asset using Guid(90786fa3af108094eaf3c830f1358250) Importer(815301076,1909f56bfc062723c751e8b465ee728b)  -> (artifact id: 'bf32edff6c3ce197502f065fbfb36509') in 0.017678 seconds 
========================================================================
Received Import Request.
  Time since last request: 0.000018 seconds.
  path: Assets/Tilemap/colored_tilemap_115.asset
  artifactKey: Guid(37a2cb692cfe370409d590d33165536a) Importer(815301076,1909f56bfc062723c751e8b465ee728b)
Start importing Assets/Tilemap/colored_tilemap_115.asset using Guid(37a2cb692cfe370409d590d33165536a) Importer(815301076,1909f56bfc062723c751e8b465ee728b)  -> (artifact id: '8d556704e65e0e12a3f6aca90c4e8489') in 0.021032 seconds 
========================================================================
Received Import Request.
  Time since last request: 0.000027 seconds.
  path: Assets/Tilemap/colored_tilemap_84.asset
  artifactKey: Guid(a4d0f66eabf8d934cba0ad12a1fa5493) Importer(815301076,1909f56bfc062723c751e8b465ee728b)
Start importing Assets/Tilemap/colored_tilemap_84.asset using Guid(a4d0f66eabf8d934cba0ad12a1fa5493) Importer(815301076,1909f56bfc062723c751e8b465ee728b)  -> (artifact id: '3b95b091f8e9f933dc003d85e9fe6737') in 0.014843 seconds 
========================================================================
Received Import Request.
  Time since last request: 0.000023 seconds.
  path: Assets/Tilemap/colored_tilemap_83.asset
  artifactKey: Guid(5752c50573a4292438257c99f0da1222) Importer(815301076,1909f56bfc062723c751e8b465ee728b)
Start importing Assets/Tilemap/colored_tilemap_83.asset using Guid(5752c50573a4292438257c99f0da1222) Importer(815301076,1909f56bfc062723c751e8b465ee728b)  -> (artifact id: 'a484ac8b0041cbf9d666ecb6d2144636') in 0.016796 seconds 
========================================================================
Received Import Request.
  Time since last request: 0.000023 seconds.
  path: Assets/Tilemap/new_tleset_puddle_1.asset
  artifactKey: Guid(81b33d156da152347802b23e5bfb5df9) Importer(815301076,1909f56bfc062723c751e8b465ee728b)
Start importing Assets/Tilemap/new_tleset_puddle_1.asset using Guid(81b33d156da152347802b23e5bfb5df9) Importer(815301076,1909f56bfc062723c751e8b465ee728b)  -> (artifact id: 'b3c2a07d6d36eda5403d2abd8436ffd8') in 0.019703 seconds 
========================================================================
Received Import Request.
  Time since last request: 0.000019 seconds.
  path: Assets/Tilemap/new_tleset123_11.asset
  artifactKey: Guid(ab386467ffaab784baafad402e22fb84) Importer(815301076,1909f56bfc062723c751e8b465ee728b)
Start importing Assets/Tilemap/new_tleset123_11.asset using Guid(ab386467ffaab784baafad402e22fb84) Importer(815301076,1909f56bfc062723c751e8b465ee728b)  -> (artifact id: 'a13af6f1a259c3fb7b1586838eb94095') in 0.018572 seconds 
========================================================================
Received Import Request.
  Time since last request: 0.000087 seconds.
  path: Assets/Tilemap/colored_tilemap_100.asset
  artifactKey: Guid(403cb8d47fd8b3d40a07ecc25da0dd69) Importer(815301076,1909f56bfc062723c751e8b465ee728b)
Start importing Assets/Tilemap/colored_tilemap_100.asset using Guid(403cb8d47fd8b3d40a07ecc25da0dd69) Importer(815301076,1909f56bfc062723c751e8b465ee728b)  -> (artifact id: '9b7a953b9e331ff2e024e9de054490ab') in 0.017895 seconds 
========================================================================
Received Import Request.
  Time since last request: 0.000036 seconds.
  path: Assets/Tilemap/colored_tilemap_125.asset
  artifactKey: Guid(b6aed0c476817964db24d1369387c8a9) Importer(815301076,1909f56bfc062723c751e8b465ee728b)
Start importing Assets/Tilemap/colored_tilemap_125.asset using Guid(b6aed0c476817964db24d1369387c8a9) Importer(815301076,1909f56bfc062723c751e8b465ee728b)  -> (artifact id: '88f8ff8eb42161b3f9efe02ca69ccb6a') in 0.014506 seconds 
========================================================================
Received Import Request.
  Time since last request: 0.000027 seconds.
  path: Assets/Tilemap/colored_tilemap_118.asset
  artifactKey: Guid(8ae39d3e6ea9d6f47a455724648abf4d) Importer(815301076,1909f56bfc062723c751e8b465ee728b)
Start importing Assets/Tilemap/colored_tilemap_118.asset using Guid(8ae39d3e6ea9d6f47a455724648abf4d) Importer(815301076,1909f56bfc062723c751e8b465ee728b)  -> (artifact id: '9b7d7e86a9e792967acbc6db8f723928') in 0.015249 seconds 
========================================================================
Received Import Request.
  Time since last request: 0.000038 seconds.
  path: Assets/Tilemap/colored_tilemap_143.asset
  artifactKey: Guid(738d61624f9a1004091eac273c570ae5) Importer(815301076,1909f56bfc062723c751e8b465ee728b)
Start importing Assets/Tilemap/colored_tilemap_143.asset using Guid(738d61624f9a1004091eac273c570ae5) Importer(815301076,1909f56bfc062723c751e8b465ee728b)  -> (artifact id: 'f71607bc213dcfc948289013f7bd9a8b') in 0.016020 seconds 
========================================================================
Received Import Request.
  Time since last request: 0.000024 seconds.
  path: Assets/Tilemap/colored_tilemap_95.asset
  artifactKey: Guid(90000129daef9174591039e59b980858) Importer(815301076,1909f56bfc062723c751e8b465ee728b)
Start importing Assets/Tilemap/colored_tilemap_95.asset using Guid(90000129daef9174591039e59b980858) Importer(815301076,1909f56bfc062723c751e8b465ee728b)  -> (artifact id: 'ce4d2d68ce37277889fde3944f6056b1') in 0.014497 seconds 
========================================================================
Received Import Request.
  Time since last request: 0.000023 seconds.
  path: Assets/Tilemap/colored_tilemap_69.asset
  artifactKey: Guid(b38f8523d6e2b6d47a7cec5042a56633) Importer(815301076,1909f56bfc062723c751e8b465ee728b)
Start importing Assets/Tilemap/colored_tilemap_69.asset using Guid(b38f8523d6e2b6d47a7cec5042a56633) Importer(815301076,1909f56bfc062723c751e8b465ee728b)  -> (artifact id: 'dcb7e6bc8299501b6b2ae033f7a76383') in 0.013531 seconds 
========================================================================
Received Import Request.
  Time since last request: 0.000024 seconds.
  path: Assets/Tilemap/colored_tilemap_145.asset
  artifactKey: Guid(dd83464e51a7af245bb92e165e33e378) Importer(815301076,1909f56bfc062723c751e8b465ee728b)
Start importing Assets/Tilemap/colored_tilemap_145.asset using Guid(dd83464e51a7af245bb92e165e33e378) Importer(815301076,1909f56bfc062723c751e8b465ee728b)  -> (artifact id: 'ad9430463c3b11426367409ce05b7bd6') in 0.026148 seconds 
========================================================================
Received Import Request.
  Time since last request: 0.000039 seconds.
  path: Assets/Tilemap/colored_tilemap_58.asset
  artifactKey: Guid(2e5d4f1a738ec8e4f95c0313fa5257b0) Importer(815301076,1909f56bfc062723c751e8b465ee728b)
Start importing Assets/Tilemap/colored_tilemap_58.asset using Guid(2e5d4f1a738ec8e4f95c0313fa5257b0) Importer(815301076,1909f56bfc062723c751e8b465ee728b)  -> (artifact id: '3ad39b08155cf964bc8a0e72d1d7e925') in 0.016893 seconds 
========================================================================
Received Import Request.
  Time since last request: 0.000024 seconds.
  path: Assets/Tilemap/colored_tilemap_76.asset
  artifactKey: Guid(b821f3979155c5041b94c6ca00837563) Importer(815301076,1909f56bfc062723c751e8b465ee728b)
Start importing Assets/Tilemap/colored_tilemap_76.asset using Guid(b821f3979155c5041b94c6ca00837563) Importer(815301076,1909f56bfc062723c751e8b465ee728b)  -> (artifact id: 'df7c8a675582f3f9de7fc9b153ab04df') in 0.014518 seconds 
========================================================================
Received Import Request.
  Time since last request: 0.000027 seconds.
  path: Assets/Tilemap/colored_tilemap_123.asset
  artifactKey: Guid(9835595779284504d885f96b5e9a09ea) Importer(815301076,1909f56bfc062723c751e8b465ee728b)
Start importing Assets/Tilemap/colored_tilemap_123.asset using Guid(9835595779284504d885f96b5e9a09ea) Importer(815301076,1909f56bfc062723c751e8b465ee728b)  -> (artifact id: 'aedd49b747e21a8c73ee0ea81c80ce9c') in 0.017424 seconds 
========================================================================
Received Import Request.
  Time since last request: 0.000024 seconds.
  path: Assets/Tilemap/colored_tilemap_121.asset
  artifactKey: Guid(7f1298f08465b6141b03d7213f66cb4b) Importer(815301076,1909f56bfc062723c751e8b465ee728b)
Start importing Assets/Tilemap/colored_tilemap_121.asset using Guid(7f1298f08465b6141b03d7213f66cb4b) Importer(815301076,1909f56bfc062723c751e8b465ee728b)  -> (artifact id: '87ff81794afa0e796e03ba1322d21f5f') in 0.014488 seconds 
