Using pre-set license
Built from '2021.3/staging' branch; Version is '2021.3.2f1 (d6360bedb9a0) revision 14038539'; Using compiler version '192829333'; Build Type 'Release'
OS: 'Windows 10  (10.0.19044) 64bit Professional' Language: 'en' Physical Memory: 16305 MB
BatchMode: 1, IsHumanControllingUs: 0, StartBugReporterOnCrash: 0, Is64bit: 1, IsPro: 1

COMMAND LINE ARGUMENTS:
C:\Program Files\Unity\Hub\Editor\2021.3.2f1\Editor\Unity.exe
-adb2
-batchMode
-noUpm
-name
AssetImportWorker2
-projectPath
C:/Users/yanku/OneDrive/Masaüstü/Coding/UnityProjects/UnityCollaborate/unitycollaborate/UnityCollaborate
-logFile
Logs/AssetImportWorker2.log
-srvPort
65133
Successfully changed project path to: C:/Users/yanku/OneDrive/Masaüstü/Coding/UnityProjects/UnityCollaborate/unitycollaborate/UnityCollaborate
C:/Users/yanku/OneDrive/Masaüstü/Coding/UnityProjects/UnityCollaborate/unitycollaborate/UnityCollaborate
[UnityMemory] Configuration Parameters - Can be set up in boot.config
    "memorysetup-bucket-allocator-granularity=16"
    "memorysetup-bucket-allocator-bucket-count=8"
    "memorysetup-bucket-allocator-block-size=33554432"
    "memorysetup-bucket-allocator-block-count=8"
    "memorysetup-main-allocator-block-size=16777216"
    "memorysetup-thread-allocator-block-size=16777216"
    "memorysetup-gfx-main-allocator-block-size=16777216"
    "memorysetup-gfx-thread-allocator-block-size=16777216"
    "memorysetup-cache-allocator-block-size=4194304"
    "memorysetup-typetree-allocator-block-size=2097152"
    "memorysetup-profiler-bucket-allocator-granularity=16"
    "memorysetup-profiler-bucket-allocator-bucket-count=8"
    "memorysetup-profiler-bucket-allocator-block-size=33554432"
    "memorysetup-profiler-bucket-allocator-block-count=8"
    "memorysetup-profiler-allocator-block-size=16777216"
    "memorysetup-profiler-editor-allocator-block-size=1048576"
    "memorysetup-temp-allocator-size-main=16777216"
    "memorysetup-job-temp-allocator-block-size=2097152"
    "memorysetup-job-temp-allocator-block-size-background=1048576"
    "memorysetup-job-temp-allocator-reduction-small-platforms=262144"
    "memorysetup-temp-allocator-size-background-worker=32768"
    "memorysetup-temp-allocator-size-job-worker=262144"
    "memorysetup-temp-allocator-size-preload-manager=33554432"
    "memorysetup-temp-allocator-size-nav-mesh-worker=65536"
    "memorysetup-temp-allocator-size-audio-worker=65536"
    "memorysetup-temp-allocator-size-cloud-worker=32768"
    "memorysetup-temp-allocator-size-gi-baking-worker=262144"
    "memorysetup-temp-allocator-size-gfx=262144"
Refreshing native plugins compatible for Editor in 144.43 ms, found 4 plugins.
Preloading 0 native plugins for Editor in 0.00 ms.
Initialize engine version: 2021.3.2f1 (d6360bedb9a0)
[Subsystems] Discovering subsystems at path C:/Program Files/Unity/Hub/Editor/2021.3.2f1/Editor/Data/Resources/UnitySubsystems
[Subsystems] Discovering subsystems at path C:/Users/yanku/OneDrive/Masaüstü/Coding/UnityProjects/UnityCollaborate/unitycollaborate/UnityCollaborate/Assets
GfxDevice: creating device client; threaded=0; jobified=0
Direct3D:
    Version:  Direct3D 11.0 [level 11.1]
    Renderer: NVIDIA GeForce RTX 3060 (ID=0x2504)
    Vendor:   NVIDIA
    VRAM:     12142 MB
    Driver:   31.0.15.1748
Initialize mono
Mono path[0] = 'C:/Program Files/Unity/Hub/Editor/2021.3.2f1/Editor/Data/Managed'
Mono path[1] = 'C:/Program Files/Unity/Hub/Editor/2021.3.2f1/Editor/Data/MonoBleedingEdge/lib/mono/unityjit-win32'
Mono config path = 'C:/Program Files/Unity/Hub/Editor/2021.3.2f1/Editor/Data/MonoBleedingEdge/etc'
Using monoOptions --debugger-agent=transport=dt_socket,embedding=1,server=y,suspend=n,address=127.0.0.1:56356
Begin MonoManager ReloadAssembly
Registering precompiled unity dll's ...
Register platform support module: C:/Program Files/Unity/Hub/Editor/2021.3.2f1/Editor/Data/PlaybackEngines/WindowsStandaloneSupport/UnityEditor.WindowsStandalone.Extensions.dll
Registered in 0.007113 seconds.
Native extension for WindowsStandalone target not found
Refreshing native plugins compatible for Editor in 131.13 ms, found 4 plugins.
Preloading 0 native plugins for Editor in 0.00 ms.
Mono: successfully reloaded assembly
- Completed reload, in  0.742 seconds
Domain Reload Profiling:
	ReloadAssembly (743ms)
		BeginReloadAssembly (79ms)
			ExecutionOrderSort (0ms)
			DisableScriptedObjects (0ms)
			BackupInstance (0ms)
			ReleaseScriptingObjects (0ms)
			CreateAndSetChildDomain (1ms)
		EndReloadAssembly (537ms)
			LoadAssemblies (76ms)
			RebuildTransferFunctionScriptingTraits (0ms)
			SetupTypeCache (126ms)
			ReleaseScriptCaches (0ms)
			RebuildScriptCaches (29ms)
			SetupLoadedEditorAssemblies (324ms)
				LogAssemblyErrors (0ms)
				InitializePlatformSupportModulesInManaged (8ms)
				SetLoadedEditorAssemblies (0ms)
				RefreshPlugins (131ms)
				BeforeProcessingInitializeOnLoad (1ms)
				ProcessInitializeOnLoadAttributes (135ms)
				ProcessInitializeOnLoadMethodAttributes (48ms)
				AfterProcessingInitializeOnLoad (0ms)
				EditorAssembliesLoaded (0ms)
			ExecutionOrderSort2 (0ms)
			AwakeInstancesAfterBackupRestoration (0ms)
Platform modules already initialized, skipping
Registering precompiled user dll's ...
Registered in 0.008549 seconds.
Begin MonoManager ReloadAssembly
Symbol file LoadedFromMemory doesn't match image C:\Users\yanku\OneDrive\Masaüstü\Coding\UnityProjects\UnityCollaborate\unitycollaborate\UnityCollaborate\Library\PackageCache\com.unity.visualscripting@1.7.6\Editor\VisualScripting.Core\Dependencies\YamlDotNet\Unity.VisualScripting.YamlDotNet.dll
Symbol file LoadedFromMemory doesn't match image C:\Users\yanku\OneDrive\Masaüstü\Coding\UnityProjects\UnityCollaborate\unitycollaborate\UnityCollaborate\Library\PackageCache\com.unity.visualscripting@1.7.6\Editor\VisualScripting.Core\Dependencies\DotNetZip\Unity.VisualScripting.IonicZip.dll
Native extension for WindowsStandalone target not found
Refreshing native plugins compatible for Editor in 137.14 ms, found 4 plugins.
Preloading 0 native plugins for Editor in 0.00 ms.
Mono: successfully reloaded assembly
- Completed reload, in  1.332 seconds
Domain Reload Profiling:
	ReloadAssembly (1333ms)
		BeginReloadAssembly (116ms)
			ExecutionOrderSort (0ms)
			DisableScriptedObjects (7ms)
			BackupInstance (0ms)
			ReleaseScriptingObjects (0ms)
			CreateAndSetChildDomain (21ms)
		EndReloadAssembly (1091ms)
			LoadAssemblies (91ms)
			RebuildTransferFunctionScriptingTraits (0ms)
			SetupTypeCache (261ms)
			ReleaseScriptCaches (1ms)
			RebuildScriptCaches (64ms)
			SetupLoadedEditorAssemblies (636ms)
				LogAssemblyErrors (0ms)
				InitializePlatformSupportModulesInManaged (5ms)
				SetLoadedEditorAssemblies (0ms)
				RefreshPlugins (137ms)
				BeforeProcessingInitializeOnLoad (126ms)
				ProcessInitializeOnLoadAttributes (266ms)
				ProcessInitializeOnLoadMethodAttributes (93ms)
				AfterProcessingInitializeOnLoad (8ms)
				EditorAssembliesLoaded (0ms)
			ExecutionOrderSort2 (0ms)
			AwakeInstancesAfterBackupRestoration (6ms)
Platform modules already initialized, skipping
========================================================================
Worker process is ready to serve import requests
Launched and connected shader compiler UnityShaderCompiler.exe after 0.04 seconds
Refreshing native plugins compatible for Editor in 0.89 ms, found 4 plugins.
Preloading 0 native plugins for Editor in 0.00 ms.
Unloading 5667 Unused Serialized files (Serialized files now loaded: 0)
Unloading 61 unused Assets / (0.9 MB). Loaded Objects now: 6110.
Memory consumption went from 221.4 MB to 220.4 MB.
Total: 3.560300 ms (FindLiveObjects: 0.430000 ms CreateObjectMapping: 0.424600 ms MarkObjects: 2.363900 ms  DeleteObjects: 0.340900 ms)

AssetImportParameters requested are different than current active one (requested -> active):
  custom:video-decoder-ogg-theora: a1e56fd34408186e4bbccfd4996cb3dc -> 
  custom:container-muxer-webm: aa71ff27fc2769a1b78a27578f13a17b -> 
  custom:container-demuxer-webm: 4f35f7cbe854078d1ac9338744f61a02 -> 
  custom:video-encoder-webm-vp8: eb34c28f22e8b96e1ab97ce403110664 -> 
  custom:audio-encoder-webm-vorbis: bf7c407c2cedff20999df2af8eb42d56 -> 
  custom:framework-win-MediaFoundation: 216162199b28c13a410421893ffa2e32 -> 
  custom:container-demuxer-ogg: 62fdf1f143b41e24485cea50d1cbac27 -> 
  custom:video-decoder-webm-vp8: 9c59270c3fd7afecdb556c50c9e8de78 -> 
  custom:audio-decoder-ogg-vorbis: bf7c407c2cedff20999df2af8eb42d56 -> 
========================================================================
Received Import Request.
  Time since last request: 509757.970928 seconds.
  path: Assets/new_tleset123.asset
  artifactKey: Guid(167542238fe291a4bbbaa5194db2eda1) Importer(815301076,1909f56bfc062723c751e8b465ee728b)
Start importing Assets/new_tleset123.asset using Guid(167542238fe291a4bbbaa5194db2eda1) Importer(815301076,1909f56bfc062723c751e8b465ee728b)  -> (artifact id: '670e14a19dec3841cdaec5bb9253ebe0') in 0.062213 seconds 
========================================================================
Received Import Request.
  Time since last request: 23.563501 seconds.
  path: Assets/new_tleset123.png
  artifactKey: Guid(90cc0e4ac54576449a2a3baf98ce5be2) Importer(815301076,1909f56bfc062723c751e8b465ee728b)
Start importing Assets/new_tleset123.png using Guid(90cc0e4ac54576449a2a3baf98ce5be2) Importer(815301076,1909f56bfc062723c751e8b465ee728b)  -> (artifact id: 'bcba3748d86d7df9703c517648deb756') in 0.026339 seconds 
========================================================================
Received Import Request.
  Time since last request: 9.702883 seconds.
  path: Assets/new_tleset123.png
  artifactKey: Guid(90cc0e4ac54576449a2a3baf98ce5be2) Importer(815301076,1909f56bfc062723c751e8b465ee728b)
Start importing Assets/new_tleset123.png using Guid(90cc0e4ac54576449a2a3baf98ce5be2) Importer(815301076,1909f56bfc062723c751e8b465ee728b)  -> (artifact id: '71a9b7025063ef7cab755ccd16fef30f') in 0.126708 seconds 
========================================================================
Received Import Request.
  Time since last request: 133.815885 seconds.
  path: Assets/new_tleset_puddle.png
  artifactKey: Guid(0dea3c04bf14ac14082b91374d222cde) Importer(815301076,1909f56bfc062723c751e8b465ee728b)
Start importing Assets/new_tleset_puddle.png using Guid(0dea3c04bf14ac14082b91374d222cde) Importer(815301076,1909f56bfc062723c751e8b465ee728b)  -> (artifact id: '653282ca5fa26e4cacd4f4af4f09e2b0') in 0.013951 seconds 
========================================================================
Received Import Request.
  Time since last request: 13.222652 seconds.
  path: Assets/new_tleset_puddle.png
  artifactKey: Guid(0dea3c04bf14ac14082b91374d222cde) Importer(815301076,1909f56bfc062723c751e8b465ee728b)
Start importing Assets/new_tleset_puddle.png using Guid(0dea3c04bf14ac14082b91374d222cde) Importer(815301076,1909f56bfc062723c751e8b465ee728b)  -> (artifact id: '4ae9e96de2518856fd13e2d9184a57e8') in 0.098684 seconds 
========================================================================
Received Import Request.
  Time since last request: 123.901403 seconds.
  path: Assets/Tilemap/colored_tilemap.png
  artifactKey: Guid(df7d9b0f57a707c41839715de0ce8373) Importer(815301076,1909f56bfc062723c751e8b465ee728b)
Start importing Assets/Tilemap/colored_tilemap.png using Guid(df7d9b0f57a707c41839715de0ce8373) Importer(815301076,1909f56bfc062723c751e8b465ee728b)  -> (artifact id: '9309e2f7acb29e4cdf27328997f7a8d3') in 0.850081 seconds 
========================================================================
Received Import Request.
  Time since last request: 0.000039 seconds.
  path: Assets/Tilemap/colored_tilemap_31.asset
  artifactKey: Guid(2b657b79a545b544698db48ae5b2dc67) Importer(815301076,1909f56bfc062723c751e8b465ee728b)
Start importing Assets/Tilemap/colored_tilemap_31.asset using Guid(2b657b79a545b544698db48ae5b2dc67) Importer(815301076,1909f56bfc062723c751e8b465ee728b)  -> (artifact id: '891dd27c33a5d45d0b63b195ae5cc380') in 0.016238 seconds 
========================================================================
Received Import Request.
  Time since last request: 0.000035 seconds.
  path: Assets/Tilemap/colored_tilemap_14.asset
  artifactKey: Guid(1fdb5ba81a9390140a035b2cbea847c9) Importer(815301076,1909f56bfc062723c751e8b465ee728b)
Start importing Assets/Tilemap/colored_tilemap_14.asset using Guid(1fdb5ba81a9390140a035b2cbea847c9) Importer(815301076,1909f56bfc062723c751e8b465ee728b)  -> (artifact id: '0591d26dbd109c259f89bdfd43307d27') in 0.013078 seconds 
========================================================================
Received Import Request.
  Time since last request: 0.000030 seconds.
  path: Assets/Tilemap/colored_tilemap_45.asset
  artifactKey: Guid(76bb0a34ed6c1404eb0e82683d74e008) Importer(815301076,1909f56bfc062723c751e8b465ee728b)
Start importing Assets/Tilemap/colored_tilemap_45.asset using Guid(76bb0a34ed6c1404eb0e82683d74e008) Importer(815301076,1909f56bfc062723c751e8b465ee728b)  -> (artifact id: '814b196fc1dae8b536701bb66f920b50') in 0.012852 seconds 
========================================================================
Received Import Request.
  Time since last request: 0.000025 seconds.
  path: Assets/Tilemap/colored_tilemap_30.asset
  artifactKey: Guid(8f217139594f93d4d99bcb3da57d57f7) Importer(815301076,1909f56bfc062723c751e8b465ee728b)
Start importing Assets/Tilemap/colored_tilemap_30.asset using Guid(8f217139594f93d4d99bcb3da57d57f7) Importer(815301076,1909f56bfc062723c751e8b465ee728b)  -> (artifact id: '9b974462e4e7be6fb07dddbd9536ad75') in 0.014203 seconds 
========================================================================
Received Import Request.
  Time since last request: 0.000028 seconds.
  path: Assets/Tilemap/colored_tilemap_48.asset
  artifactKey: Guid(936586e49726b394d93255d269cd919a) Importer(815301076,1909f56bfc062723c751e8b465ee728b)
Start importing Assets/Tilemap/colored_tilemap_48.asset using Guid(936586e49726b394d93255d269cd919a) Importer(815301076,1909f56bfc062723c751e8b465ee728b)  -> (artifact id: '2e39f8e2a05ceeab8b830fcc76493760') in 0.014272 seconds 
========================================================================
Received Import Request.
  Time since last request: 0.000026 seconds.
  path: Assets/Tilemap/colored_tilemap_39.asset
  artifactKey: Guid(eee5df2f4aef2694a93cd78b7f3a6d29) Importer(815301076,1909f56bfc062723c751e8b465ee728b)
Start importing Assets/Tilemap/colored_tilemap_39.asset using Guid(eee5df2f4aef2694a93cd78b7f3a6d29) Importer(815301076,1909f56bfc062723c751e8b465ee728b)  -> (artifact id: 'c917020fe7f9879733d7e15b640da583') in 0.014245 seconds 
========================================================================
Received Import Request.
  Time since last request: 0.000023 seconds.
  path: Assets/Tilemap/colored_tilemap_42.asset
  artifactKey: Guid(35fd8714e2c89e74099b4c317701ab20) Importer(815301076,1909f56bfc062723c751e8b465ee728b)
Start importing Assets/Tilemap/colored_tilemap_42.asset using Guid(35fd8714e2c89e74099b4c317701ab20) Importer(815301076,1909f56bfc062723c751e8b465ee728b)  -> (artifact id: '376316f080b8425681038a64d2e09500') in 0.014215 seconds 
========================================================================
Received Import Request.
  Time since last request: 0.000031 seconds.
  path: Assets/Tilemap/colored_tilemap_11.asset
  artifactKey: Guid(3569b3c189ef1a24ba08b0c5afec4349) Importer(815301076,1909f56bfc062723c751e8b465ee728b)
Start importing Assets/Tilemap/colored_tilemap_11.asset using Guid(3569b3c189ef1a24ba08b0c5afec4349) Importer(815301076,1909f56bfc062723c751e8b465ee728b)  -> (artifact id: 'c3180200260c3fe1c5bb5a43b55e5a00') in 0.014908 seconds 
========================================================================
Received Import Request.
  Time since last request: 0.000026 seconds.
  path: Assets/Tilemap/colored_tilemap_5.asset
  artifactKey: Guid(c4e4dea7214faf246bb92b19439b2a6c) Importer(815301076,1909f56bfc062723c751e8b465ee728b)
Start importing Assets/Tilemap/colored_tilemap_5.asset using Guid(c4e4dea7214faf246bb92b19439b2a6c) Importer(815301076,1909f56bfc062723c751e8b465ee728b)  -> (artifact id: 'c75208c2fcb14671f233e25daea474f3') in 0.013176 seconds 
========================================================================
Received Import Request.
  Time since last request: 0.000039 seconds.
  path: Assets/Tilemap/colored_tilemap_9.asset
  artifactKey: Guid(28a2498978781a748b8db387a497273b) Importer(815301076,1909f56bfc062723c751e8b465ee728b)
Start importing Assets/Tilemap/colored_tilemap_9.asset using Guid(28a2498978781a748b8db387a497273b) Importer(815301076,1909f56bfc062723c751e8b465ee728b)  -> (artifact id: '040088e117d5182ed69a69e607715c1f') in 0.013264 seconds 
========================================================================
Received Import Request.
  Time since last request: 0.000030 seconds.
  path: Assets/Tilemap/colored_tilemap_19.asset
  artifactKey: Guid(f79eb27606cc5254896f9ee85c7d8081) Importer(815301076,1909f56bfc062723c751e8b465ee728b)
Start importing Assets/Tilemap/colored_tilemap_19.asset using Guid(f79eb27606cc5254896f9ee85c7d8081) Importer(815301076,1909f56bfc062723c751e8b465ee728b)  -> (artifact id: 'f34f4a4685eaac411a1d12aabf9c8e3e') in 0.013867 seconds 
========================================================================
Received Import Request.
  Time since last request: 3.564791 seconds.
  path: Assets/Tilemap/colored_tilemap_54.asset
  artifactKey: Guid(351ed54c001690b41a2fde8b2d5d63f3) Importer(815301076,1909f56bfc062723c751e8b465ee728b)
Start importing Assets/Tilemap/colored_tilemap_54.asset using Guid(351ed54c001690b41a2fde8b2d5d63f3) Importer(815301076,1909f56bfc062723c751e8b465ee728b)  -> (artifact id: 'bf37dd73151b2e28746e175d57225007') in 0.014251 seconds 
========================================================================
Received Import Request.
  Time since last request: 0.209982 seconds.
  path: Assets/Tilemap/colored_tilemap_56.asset
  artifactKey: Guid(2d5c70434a3e5f144b1b5fc473be0fd2) Importer(815301076,1909f56bfc062723c751e8b465ee728b)
Start importing Assets/Tilemap/colored_tilemap_56.asset using Guid(2d5c70434a3e5f144b1b5fc473be0fd2) Importer(815301076,1909f56bfc062723c751e8b465ee728b)  -> (artifact id: '47573656a847d7ec6e43a5d138b10e30') in 0.014693 seconds 
========================================================================
Received Import Request.
  Time since last request: 0.000022 seconds.
  path: Assets/Tilemap/colored_tilemap_60.asset
  artifactKey: Guid(45e379729959c0843ad882c6a96dae49) Importer(815301076,1909f56bfc062723c751e8b465ee728b)
Start importing Assets/Tilemap/colored_tilemap_60.asset using Guid(45e379729959c0843ad882c6a96dae49) Importer(815301076,1909f56bfc062723c751e8b465ee728b)  -> (artifact id: 'ee1e927aa7fc22407cff3c92272cd7ea') in 0.014410 seconds 
========================================================================
Received Import Request.
  Time since last request: 0.000029 seconds.
  path: Assets/Tilemap/colored_tilemap_68.asset
  artifactKey: Guid(3973614a0cb7c0e4fb801ee9bd17c7e8) Importer(815301076,1909f56bfc062723c751e8b465ee728b)
Start importing Assets/Tilemap/colored_tilemap_68.asset using Guid(3973614a0cb7c0e4fb801ee9bd17c7e8) Importer(815301076,1909f56bfc062723c751e8b465ee728b)  -> (artifact id: 'b47345bd37d305eb4a03e1e01dc79654') in 0.024118 seconds 
========================================================================
Received Import Request.
  Time since last request: 0.000024 seconds.
  path: Assets/Tilemap/colored_tilemap_93.asset
  artifactKey: Guid(977812b49f5b79043baf886767053a97) Importer(815301076,1909f56bfc062723c751e8b465ee728b)
Start importing Assets/Tilemap/colored_tilemap_93.asset using Guid(977812b49f5b79043baf886767053a97) Importer(815301076,1909f56bfc062723c751e8b465ee728b)  -> (artifact id: '1b3c148b3e0229111da73bf173f65037') in 0.014559 seconds 
========================================================================
Received Import Request.
  Time since last request: 0.000021 seconds.
  path: Assets/Tilemap/colored_tilemap_142.asset
  artifactKey: Guid(5ca04d9b15348c1419f3065b0c84485f) Importer(815301076,1909f56bfc062723c751e8b465ee728b)
Start importing Assets/Tilemap/colored_tilemap_142.asset using Guid(5ca04d9b15348c1419f3065b0c84485f) Importer(815301076,1909f56bfc062723c751e8b465ee728b)  -> (artifact id: '101bcb71ae9e6a24fac3af26e2018bd5') in 0.014732 seconds 
========================================================================
Received Import Request.
  Time since last request: 0.000027 seconds.
  path: Assets/Tilemap/colored_tilemap_92.asset
  artifactKey: Guid(a3529bb45198f0340a31d24e607f59a3) Importer(815301076,1909f56bfc062723c751e8b465ee728b)
Start importing Assets/Tilemap/colored_tilemap_92.asset using Guid(a3529bb45198f0340a31d24e607f59a3) Importer(815301076,1909f56bfc062723c751e8b465ee728b)  -> (artifact id: 'd28c0e4ad3ea14dd28e0b48411f0177f') in 0.015865 seconds 
========================================================================
Received Import Request.
  Time since last request: 0.000027 seconds.
  path: Assets/Tilemap/colored_tilemap_131.asset
  artifactKey: Guid(872f0283c969c0e4d9383b5d647062e3) Importer(815301076,1909f56bfc062723c751e8b465ee728b)
Start importing Assets/Tilemap/colored_tilemap_131.asset using Guid(872f0283c969c0e4d9383b5d647062e3) Importer(815301076,1909f56bfc062723c751e8b465ee728b)  -> (artifact id: '594d5d5bb9f8cc7fc05cc0c441d89dba') in 0.014696 seconds 
========================================================================
Received Import Request.
  Time since last request: 0.000019 seconds.
  path: Assets/Tilemap/colored_tilemap_78.asset
  artifactKey: Guid(5969e951667deb34594cc77ac396518d) Importer(815301076,1909f56bfc062723c751e8b465ee728b)
Start importing Assets/Tilemap/colored_tilemap_78.asset using Guid(5969e951667deb34594cc77ac396518d) Importer(815301076,1909f56bfc062723c751e8b465ee728b)  -> (artifact id: '568223b6ac9b5df96001b7086de5b304') in 0.014810 seconds 
========================================================================
Received Import Request.
  Time since last request: 0.000027 seconds.
  path: Assets/Tilemap/colored_tilemap_87.asset
  artifactKey: Guid(37b873f2fbd2910429f964fae76bdc9f) Importer(815301076,1909f56bfc062723c751e8b465ee728b)
Start importing Assets/Tilemap/colored_tilemap_87.asset using Guid(37b873f2fbd2910429f964fae76bdc9f) Importer(815301076,1909f56bfc062723c751e8b465ee728b)  -> (artifact id: 'a75a32dc2cdb53eeb14527f61c217deb') in 0.015064 seconds 
========================================================================
Received Import Request.
  Time since last request: 0.000056 seconds.
  path: Assets/Tilemap/colored_tilemap_105.asset
  artifactKey: Guid(24ca224745472db40ace0414b2f25c6f) Importer(815301076,1909f56bfc062723c751e8b465ee728b)
Start importing Assets/Tilemap/colored_tilemap_105.asset using Guid(24ca224745472db40ace0414b2f25c6f) Importer(815301076,1909f56bfc062723c751e8b465ee728b)  -> (artifact id: '02d213c8e69db5b5ce782b3be808d34b') in 0.015671 seconds 
========================================================================
Received Import Request.
  Time since last request: 0.000027 seconds.
  path: Assets/Tilemap/colored_tilemap_86.asset
  artifactKey: Guid(46e9c55ae3e50fe48b64085f983b874e) Importer(815301076,1909f56bfc062723c751e8b465ee728b)
Start importing Assets/Tilemap/colored_tilemap_86.asset using Guid(46e9c55ae3e50fe48b64085f983b874e) Importer(815301076,1909f56bfc062723c751e8b465ee728b)  -> (artifact id: '3d1afbe56e629913a0260b79c2b8235b') in 0.015878 seconds 
========================================================================
Received Import Request.
  Time since last request: 0.000031 seconds.
  path: Assets/Tilemap/colored_tilemap_122.asset
  artifactKey: Guid(eb227d2907971d34c9e6029f5146a992) Importer(815301076,1909f56bfc062723c751e8b465ee728b)
Start importing Assets/Tilemap/colored_tilemap_122.asset using Guid(eb227d2907971d34c9e6029f5146a992) Importer(815301076,1909f56bfc062723c751e8b465ee728b)  -> (artifact id: 'a5a137d9e98d3f2288330c92b7b26099') in 0.017688 seconds 
========================================================================
Received Import Request.
  Time since last request: 0.000039 seconds.
  path: Assets/Tilemap/colored_tilemap_74.asset
  artifactKey: Guid(4fe3788bebef4694ea9701ebd73d28fa) Importer(815301076,1909f56bfc062723c751e8b465ee728b)
Start importing Assets/Tilemap/colored_tilemap_74.asset using Guid(4fe3788bebef4694ea9701ebd73d28fa) Importer(815301076,1909f56bfc062723c751e8b465ee728b)  -> (artifact id: '91ac3ad6384eca0bd043aa7fe0a1bf6a') in 0.014023 seconds 
========================================================================
Received Import Request.
  Time since last request: 0.000027 seconds.
  path: Assets/Tilemap/colored_tilemap_120.asset
  artifactKey: Guid(d1c55d583e373ed4cb8d746236a7d4bb) Importer(815301076,1909f56bfc062723c751e8b465ee728b)
Start importing Assets/Tilemap/colored_tilemap_120.asset using Guid(d1c55d583e373ed4cb8d746236a7d4bb) Importer(815301076,1909f56bfc062723c751e8b465ee728b)  -> (artifact id: '282138ac7dd64b7d8f31fb5b7471ec9d') in 0.014465 seconds 
========================================================================
Received Import Request.
  Time since last request: 0.000029 seconds.
  path: Assets/Tilemap/colored_tilemap_146.asset
  artifactKey: Guid(e0642259ead954a46b97ce3dc823a3d5) Importer(815301076,1909f56bfc062723c751e8b465ee728b)
Start importing Assets/Tilemap/colored_tilemap_146.asset using Guid(e0642259ead954a46b97ce3dc823a3d5) Importer(815301076,1909f56bfc062723c751e8b465ee728b)  -> (artifact id: 'ee8656b0e58af417340d8f2bc38abe6f') in 0.015673 seconds 
========================================================================
Received Import Request.
  Time since last request: 0.000033 seconds.
  path: Assets/Tilemap/new_tleset123_0.asset
  artifactKey: Guid(4c387ea7ffb83c64a85f4bf1b4d3f96c) Importer(815301076,1909f56bfc062723c751e8b465ee728b)
Start importing Assets/Tilemap/new_tleset123_0.asset using Guid(4c387ea7ffb83c64a85f4bf1b4d3f96c) Importer(815301076,1909f56bfc062723c751e8b465ee728b)  -> (artifact id: '9df2b0bd8667b9215897c955ea3776b7') in 0.016167 seconds 
========================================================================
Received Import Request.
  Time since last request: 0.000029 seconds.
  path: Assets/Tilemap/new_tleset123_13.asset
  artifactKey: Guid(a1027a287ef887f429eab39d64fc3c38) Importer(815301076,1909f56bfc062723c751e8b465ee728b)
Start importing Assets/Tilemap/new_tleset123_13.asset using Guid(a1027a287ef887f429eab39d64fc3c38) Importer(815301076,1909f56bfc062723c751e8b465ee728b)  -> (artifact id: '3c29b9e5909422d07d6560894c3c4f79') in 0.015827 seconds 
========================================================================
Received Import Request.
  Time since last request: 0.000028 seconds.
  path: Assets/Tilemap/new_tleset123_12.asset
  artifactKey: Guid(fa3c85b019eda144da3d3bd4a0fd21b9) Importer(815301076,1909f56bfc062723c751e8b465ee728b)
Start importing Assets/Tilemap/new_tleset123_12.asset using Guid(fa3c85b019eda144da3d3bd4a0fd21b9) Importer(815301076,1909f56bfc062723c751e8b465ee728b)  -> (artifact id: '8642737b6d56581ef23dd71a6e472ea2') in 0.013532 seconds 
========================================================================
Received Import Request.
  Time since last request: 0.000028 seconds.
  path: Assets/Tilemap/new_tleset123_6.asset
  artifactKey: Guid(edeabbd85fc45864e84d26ea08a0682d) Importer(815301076,1909f56bfc062723c751e8b465ee728b)
Start importing Assets/Tilemap/new_tleset123_6.asset using Guid(edeabbd85fc45864e84d26ea08a0682d) Importer(815301076,1909f56bfc062723c751e8b465ee728b)  -> (artifact id: '42e7d8d7bbf88c19e818fd9054a37186') in 0.016940 seconds 
========================================================================
Received Import Request.
  Time since last request: 0.000032 seconds.
  path: Assets/Tilemap/new_tleset_puddle_8.asset
  artifactKey: Guid(0fb470dcf737c8d4099680dfe764aec2) Importer(815301076,1909f56bfc062723c751e8b465ee728b)
Start importing Assets/Tilemap/new_tleset_puddle_8.asset using Guid(0fb470dcf737c8d4099680dfe764aec2) Importer(815301076,1909f56bfc062723c751e8b465ee728b)  -> (artifact id: 'd61a163f06d03cbeeb7f3d96059a73a6') in 0.018266 seconds 
========================================================================
Received Import Request.
  Time since last request: 0.000021 seconds.
  path: Assets/Tilemap/colored_tilemap_152.asset
  artifactKey: Guid(1a22ff9284580d24e9dcd56c7b445360) Importer(815301076,1909f56bfc062723c751e8b465ee728b)
Start importing Assets/Tilemap/colored_tilemap_152.asset using Guid(1a22ff9284580d24e9dcd56c7b445360) Importer(815301076,1909f56bfc062723c751e8b465ee728b)  -> (artifact id: '16117838fe4ca4bcbf3c6b7c98630fa8') in 0.015789 seconds 
========================================================================
Received Import Request.
  Time since last request: 0.000051 seconds.
  path: Assets/Tilemap/new_tleset_puddle_0.asset
  artifactKey: Guid(b009957c6ecbaca488aae8b886ee5e13) Importer(815301076,1909f56bfc062723c751e8b465ee728b)
Start importing Assets/Tilemap/new_tleset_puddle_0.asset using Guid(b009957c6ecbaca488aae8b886ee5e13) Importer(815301076,1909f56bfc062723c751e8b465ee728b)  -> (artifact id: '5e223be5bd47ac12f6db69c3163ecd6a') in 0.016872 seconds 
========================================================================
Received Import Request.
  Time since last request: 0.000023 seconds.
  path: Assets/Tilemap/colored_tilemap_151.asset
  artifactKey: Guid(1319bcddf4d3d6e4baf940655fba20b4) Importer(815301076,1909f56bfc062723c751e8b465ee728b)
Start importing Assets/Tilemap/colored_tilemap_151.asset using Guid(1319bcddf4d3d6e4baf940655fba20b4) Importer(815301076,1909f56bfc062723c751e8b465ee728b)  -> (artifact id: '7de32666a72f71eca56067db91e16d91') in 0.018258 seconds 
========================================================================
Received Import Request.
  Time since last request: 0.000026 seconds.
  path: Assets/Tilemap/new_tleset123_4.asset
  artifactKey: Guid(3cc8e64b68f5e35479265eba57b898e4) Importer(815301076,1909f56bfc062723c751e8b465ee728b)
Start importing Assets/Tilemap/new_tleset123_4.asset using Guid(3cc8e64b68f5e35479265eba57b898e4) Importer(815301076,1909f56bfc062723c751e8b465ee728b)  -> (artifact id: '5535b26829990923d6ff60095cbcbb32') in 0.018464 seconds 
========================================================================
Received Import Request.
  Time since last request: 0.000028 seconds.
  path: Assets/Tilemap/colored_tilemap_63.asset
  artifactKey: Guid(cf3d60fd8dba01c488e5f92e79bc4498) Importer(815301076,1909f56bfc062723c751e8b465ee728b)
Start importing Assets/Tilemap/colored_tilemap_63.asset using Guid(cf3d60fd8dba01c488e5f92e79bc4498) Importer(815301076,1909f56bfc062723c751e8b465ee728b)  -> (artifact id: '65106ac52499ce97babec78bd632a262') in 0.015532 seconds 
========================================================================
Received Import Request.
  Time since last request: 0.000023 seconds.
  path: Assets/Tilemap/colored_tilemap_144.asset
  artifactKey: Guid(bcf848256b20cae438a49b6b82838f81) Importer(815301076,1909f56bfc062723c751e8b465ee728b)
Start importing Assets/Tilemap/colored_tilemap_144.asset using Guid(bcf848256b20cae438a49b6b82838f81) Importer(815301076,1909f56bfc062723c751e8b465ee728b)  -> (artifact id: 'e5906c898b3f436ed80366daf5e0c714') in 0.013930 seconds 
========================================================================
Received Import Request.
  Time since last request: 0.000029 seconds.
  path: Assets/Tilemap/colored_tilemap_89.asset
  artifactKey: Guid(6dbcedc6fbeeabb47bebd9c7ba873893) Importer(815301076,1909f56bfc062723c751e8b465ee728b)
Start importing Assets/Tilemap/colored_tilemap_89.asset using Guid(6dbcedc6fbeeabb47bebd9c7ba873893) Importer(815301076,1909f56bfc062723c751e8b465ee728b)  -> (artifact id: 'aa5daa0ecb841ec3414801f2cbf9b099') in 0.014877 seconds 
========================================================================
Received Import Request.
  Time since last request: 0.000026 seconds.
  path: Assets/Tilemap/colored_tilemap_157.asset
  artifactKey: Guid(5e46ed1bc732679439136a4ff088367d) Importer(815301076,1909f56bfc062723c751e8b465ee728b)
Start importing Assets/Tilemap/colored_tilemap_157.asset using Guid(5e46ed1bc732679439136a4ff088367d) Importer(815301076,1909f56bfc062723c751e8b465ee728b)  -> (artifact id: 'dc1e6044f8e07913c97fc6e76645d5d9') in 0.015480 seconds 
========================================================================
Received Import Request.
  Time since last request: 0.000025 seconds.
  path: Assets/Tilemap/colored_tilemap_64.asset
  artifactKey: Guid(c199aef4f232d9e4a866718b8186f0b1) Importer(815301076,1909f56bfc062723c751e8b465ee728b)
Start importing Assets/Tilemap/colored_tilemap_64.asset using Guid(c199aef4f232d9e4a866718b8186f0b1) Importer(815301076,1909f56bfc062723c751e8b465ee728b)  -> (artifact id: '3fe6e7bb3235f4b14c379b29e226ed8b') in 0.012133 seconds 
========================================================================
Received Import Request.
  Time since last request: 0.000030 seconds.
  path: Assets/Tilemap/colored_tilemap_85.asset
  artifactKey: Guid(16d4f00c1335778468ddc7beaafa78d4) Importer(815301076,1909f56bfc062723c751e8b465ee728b)
Start importing Assets/Tilemap/colored_tilemap_85.asset using Guid(16d4f00c1335778468ddc7beaafa78d4) Importer(815301076,1909f56bfc062723c751e8b465ee728b)  -> (artifact id: '0df4015d25cafa018adb46cd54dc0c77') in 0.015008 seconds 
========================================================================
Received Import Request.
  Time since last request: 0.000039 seconds.
  path: Assets/Tilemap/colored_tilemap_98.asset
  artifactKey: Guid(21ea2c4c2c44e6540ae86ee5dbdb3c5a) Importer(815301076,1909f56bfc062723c751e8b465ee728b)
Start importing Assets/Tilemap/colored_tilemap_98.asset using Guid(21ea2c4c2c44e6540ae86ee5dbdb3c5a) Importer(815301076,1909f56bfc062723c751e8b465ee728b)  -> (artifact id: 'a2cb1a4e5a1e5fd21383e9e30592c4b6') in 0.015269 seconds 
========================================================================
Received Import Request.
  Time since last request: 0.000022 seconds.
  path: Assets/Tilemap/colored_tilemap_77.asset
  artifactKey: Guid(5530e4515c37bb74c911a9148aaa08bb) Importer(815301076,1909f56bfc062723c751e8b465ee728b)
Start importing Assets/Tilemap/colored_tilemap_77.asset using Guid(5530e4515c37bb74c911a9148aaa08bb) Importer(815301076,1909f56bfc062723c751e8b465ee728b)  -> (artifact id: 'f075e96bf996594d4186b6a71ad3b348') in 0.014510 seconds 
========================================================================
Received Import Request.
  Time since last request: 0.000023 seconds.
  path: Assets/Tilemap/colored_tilemap_149.asset
  artifactKey: Guid(489be512c42c29e4f8c16e9fdf5303ad) Importer(815301076,1909f56bfc062723c751e8b465ee728b)
Start importing Assets/Tilemap/colored_tilemap_149.asset using Guid(489be512c42c29e4f8c16e9fdf5303ad) Importer(815301076,1909f56bfc062723c751e8b465ee728b)  -> (artifact id: 'c5e36d144ff04b70c1db924f89d55923') in 0.015286 seconds 
========================================================================
Received Import Request.
  Time since last request: 0.000021 seconds.
  path: Assets/Tilemap/colored_tilemap_59.asset
  artifactKey: Guid(7c05af724b11c6b44a23683adcf9fa65) Importer(815301076,1909f56bfc062723c751e8b465ee728b)
Start importing Assets/Tilemap/colored_tilemap_59.asset using Guid(7c05af724b11c6b44a23683adcf9fa65) Importer(815301076,1909f56bfc062723c751e8b465ee728b)  -> (artifact id: '70a60d27f382adcc1fcee12d532445ed') in 0.014971 seconds 
========================================================================
Received Import Request.
  Time since last request: 0.000024 seconds.
  path: Assets/Tilemap/colored_tilemap_110.asset
  artifactKey: Guid(3cb7535c2ea107049ba7b0a7ce09e96c) Importer(815301076,1909f56bfc062723c751e8b465ee728b)
Start importing Assets/Tilemap/colored_tilemap_110.asset using Guid(3cb7535c2ea107049ba7b0a7ce09e96c) Importer(815301076,1909f56bfc062723c751e8b465ee728b)  -> (artifact id: 'c36db5a976cabca7757624f37e3c09ce') in 0.016853 seconds 
========================================================================
Received Import Request.
  Time since last request: 0.000018 seconds.
  path: Assets/Tilemap/colored_tilemap_154.asset
  artifactKey: Guid(edaff239eaface3498a6c055f8dae815) Importer(815301076,1909f56bfc062723c751e8b465ee728b)
Start importing Assets/Tilemap/colored_tilemap_154.asset using Guid(edaff239eaface3498a6c055f8dae815) Importer(815301076,1909f56bfc062723c751e8b465ee728b)  -> (artifact id: '542537c1dbbeaa704a5ebdb8e8799f38') in 0.021470 seconds 
========================================================================
Received Import Request.
  Time since last request: 0.000028 seconds.
  path: Assets/Tilemap/TestEnvironment.prefab
  artifactKey: Guid(e8df58a5843ff634abe7356b264bb4d6) Importer(815301076,1909f56bfc062723c751e8b465ee728b)
Start importing Assets/Tilemap/TestEnvironment.prefab using Guid(e8df58a5843ff634abe7356b264bb4d6) Importer(815301076,1909f56bfc062723c751e8b465ee728b)  -> (artifact id: '2512319145d6688e7e0867c0d9aaa367') in 0.313859 seconds 
========================================================================
Received Import Request.
  Time since last request: 0.000032 seconds.
  path: Assets/Tilemap/colored_tilemap_141.asset
  artifactKey: Guid(72d1f211c3dcb35498070bb987b6f056) Importer(815301076,1909f56bfc062723c751e8b465ee728b)
Start importing Assets/Tilemap/colored_tilemap_141.asset using Guid(72d1f211c3dcb35498070bb987b6f056) Importer(815301076,1909f56bfc062723c751e8b465ee728b)  -> (artifact id: 'c255c6a014c668db164fad68597a3570') in 0.015533 seconds 
========================================================================
Received Import Request.
  Time since last request: 0.000105 seconds.
  path: Assets/Tilemap/colored_tilemap_112.asset
  artifactKey: Guid(2eeabd5b3b681414eba5ab13ee87b56f) Importer(815301076,1909f56bfc062723c751e8b465ee728b)
Start importing Assets/Tilemap/colored_tilemap_112.asset using Guid(2eeabd5b3b681414eba5ab13ee87b56f) Importer(815301076,1909f56bfc062723c751e8b465ee728b)  -> (artifact id: '5aca8cb634f089359aa9e1c9b3ea6db7') in 0.013951 seconds 
========================================================================
Received Import Request.
  Time since last request: 0.000023 seconds.
  path: Assets/Tilemap/colored_tilemap_81.asset
  artifactKey: Guid(6de6a418cda9df44ca1545926f215843) Importer(815301076,1909f56bfc062723c751e8b465ee728b)
Start importing Assets/Tilemap/colored_tilemap_81.asset using Guid(6de6a418cda9df44ca1545926f215843) Importer(815301076,1909f56bfc062723c751e8b465ee728b)  -> (artifact id: '0b49e778c73a6a6924964fa38a5f6bf7') in 0.019039 seconds 
========================================================================
Received Import Request.
  Time since last request: 0.000028 seconds.
  path: Assets/Tilemap/new_tleset_puddle_10.asset
  artifactKey: Guid(c0077069ef7311442b4d419ee2577c55) Importer(815301076,1909f56bfc062723c751e8b465ee728b)
Start importing Assets/Tilemap/new_tleset_puddle_10.asset using Guid(c0077069ef7311442b4d419ee2577c55) Importer(815301076,1909f56bfc062723c751e8b465ee728b)  -> (artifact id: 'fabd84e28d4ca6b56c6e79f4ee14bbfc') in 0.016544 seconds 
========================================================================
Received Import Request.
  Time since last request: 0.000027 seconds.
  path: Assets/Tilemap/colored_tilemap_119.asset
  artifactKey: Guid(6ea1b382593069443a3135644beeefdd) Importer(815301076,1909f56bfc062723c751e8b465ee728b)
Start importing Assets/Tilemap/colored_tilemap_119.asset using Guid(6ea1b382593069443a3135644beeefdd) Importer(815301076,1909f56bfc062723c751e8b465ee728b)  -> (artifact id: '63e9fc56953f6f27b779b528443d04f3') in 0.014930 seconds 
========================================================================
Received Import Request.
  Time since last request: 0.000032 seconds.
  path: Assets/Tilemap/colored_tilemap_106.asset
  artifactKey: Guid(4c1ffbfed3d1a04458e58539b477da9b) Importer(815301076,1909f56bfc062723c751e8b465ee728b)
Start importing Assets/Tilemap/colored_tilemap_106.asset using Guid(4c1ffbfed3d1a04458e58539b477da9b) Importer(815301076,1909f56bfc062723c751e8b465ee728b)  -> (artifact id: '17492bd5836220b2bf117f8f9a452e2b') in 0.016434 seconds 
========================================================================
Received Import Request.
  Time since last request: 0.000026 seconds.
  path: Assets/Tilemap/new_tleset123_10.asset
  artifactKey: Guid(e1f55c5ff84ac3a4dabec69d487b2e86) Importer(815301076,1909f56bfc062723c751e8b465ee728b)
Start importing Assets/Tilemap/new_tleset123_10.asset using Guid(e1f55c5ff84ac3a4dabec69d487b2e86) Importer(815301076,1909f56bfc062723c751e8b465ee728b)  -> (artifact id: '9126f36e6dfb0f89a09f350d4edb7ce6') in 0.017648 seconds 
========================================================================
Received Import Request.
  Time since last request: 0.000027 seconds.
  path: Assets/Tilemap/new_tleset_puddle_7.asset
  artifactKey: Guid(4d9dd43ebf6d8fe40a0abeb18c9cadc3) Importer(815301076,1909f56bfc062723c751e8b465ee728b)
Start importing Assets/Tilemap/new_tleset_puddle_7.asset using Guid(4d9dd43ebf6d8fe40a0abeb18c9cadc3) Importer(815301076,1909f56bfc062723c751e8b465ee728b)  -> (artifact id: 'e01d8819b830d08b6f74fae2ed47baf4') in 0.015688 seconds 
========================================================================
Received Import Request.
  Time since last request: 0.000025 seconds.
  path: Assets/Tilemap/colored_tilemap_104.asset
  artifactKey: Guid(34113f114bc822942953169e022f2527) Importer(815301076,1909f56bfc062723c751e8b465ee728b)
Start importing Assets/Tilemap/colored_tilemap_104.asset using Guid(34113f114bc822942953169e022f2527) Importer(815301076,1909f56bfc062723c751e8b465ee728b)  -> (artifact id: '477903518bafe65eb9cdd28fd06df0e5') in 0.015167 seconds 
========================================================================
Received Import Request.
  Time since last request: 0.000030 seconds.
  path: Assets/Tilemap/colored_tilemap_117.asset
  artifactKey: Guid(fa953331321ed9b4ea719a0463182754) Importer(815301076,1909f56bfc062723c751e8b465ee728b)
Start importing Assets/Tilemap/colored_tilemap_117.asset using Guid(fa953331321ed9b4ea719a0463182754) Importer(815301076,1909f56bfc062723c751e8b465ee728b)  -> (artifact id: '32c8178a7968e3a607068bde3590992e') in 0.015530 seconds 
Editor requested this worker to shutdown with reason: Scaling down because of idle timeout
AssetImportWorkerClient::OnTransportError - code=2 error=End of file
AssetImportWorker is now disconnected from the server
Process exiting
Exiting without the bug reporter. Application will terminate with return code 0